c:\users\miaomiao\desktop\miao\bymyself\mm\mm\debug\mm.pch
c:\users\miaomiao\desktop\miao\bymyself\mm\mm\debug\vc120.pdb
c:\users\miaomiao\desktop\miao\bymyself\mm\mm\debug\vc120.idb
c:\users\miaomiao\desktop\miao\bymyself\mm\mm\debug\stdafx.obj
c:\users\miaomiao\desktop\miao\bymyself\mm\mm\debug\animal.obj
c:\users\miaomiao\desktop\miao\bymyself\mm\mm\debug\miao.obj
c:\users\miaomiao\desktop\miao\bymyself\mm\mm\debug\mm.obj
c:\users\miaomiao\desktop\miao\bymyself\mm\mm\debug\mmdlg.obj
c:\users\miaomiao\desktop\miao\bymyself\mm\mm\debug\object.obj
c:\users\miaomiao\desktop\miao\bymyself\mm\mm\debug\scene.obj
c:\users\miaomiao\desktop\miao\bymyself\mm\debug\mm.ilk
c:\users\miaomiao\desktop\miao\bymyself\mm\debug\mm.exe
c:\users\miaomiao\desktop\miao\bymyself\mm\debug\mm.pdb
c:\users\miaomiao\desktop\miao\bymyself\mm\mm\debug\mm.res
c:\users\miaomiao\desktop\miao\bymyself\mm\mm\debug\mm.tlog\cl.command.1.tlog
c:\users\miaomiao\desktop\miao\bymyself\mm\mm\debug\mm.tlog\cl.read.1.tlog
c:\users\miaomiao\desktop\miao\bymyself\mm\mm\debug\mm.tlog\cl.write.1.tlog
c:\users\miaomiao\desktop\miao\bymyself\mm\mm\debug\mm.tlog\link.command.1.tlog
c:\users\miaomiao\desktop\miao\bymyself\mm\mm\debug\mm.tlog\link.read.1.tlog
c:\users\miaomiao\desktop\miao\bymyself\mm\mm\debug\mm.tlog\link.write.1.tlog
c:\users\miaomiao\desktop\miao\bymyself\mm\mm\debug\mm.tlog\rc.command.1.tlog
c:\users\miaomiao\desktop\miao\bymyself\mm\mm\debug\mm.tlog\rc.read.1.tlog
c:\users\miaomiao\desktop\miao\bymyself\mm\mm\debug\mm.tlog\rc.write.1.tlog
