Build started 2015/12/2 17:49:20.
     1>Project "C:\Users\miaomiao\Desktop\Miao\byMyself\mm\mm\mm.vcxproj" on node 2 (Build target(s)).
     1>ClCompile:
         D:\Download\vs2013\VC\bin\CL.exe /c /ZI /nologo /W3 /WX- /Od /Oy- /D WIN32 /D _WINDOWS /D _DEBUG /D _MBCS /D _AFXDLL /Gm /EHsc /RTC1 /MDd /GS /fp:precise /Zc:wchar_t /Zc:forScope /Yu"stdafx.h" /Fp"Debug\mm.pch" /Fo"Debug\\" /Fd"Debug\vc120.pdb" /Gd /TP /analyze- /errorReport:prompt Animal.cpp Object.cpp Scene.cpp miao.cpp mm.cpp mmDlg.cpp
         mmDlg.cpp
     1>c:\users\miaomiao\desktop\miao\bymyself\mm\mm\mmdlg.cpp(242): error C2086: 'int iWidth1' : redefinition
                 c:\users\miaomiao\desktop\miao\bymyself\mm\mm\mmdlg.cpp(185) : see declaration of 'iWidth1'
     1>c:\users\miaomiao\desktop\miao\bymyself\mm\mm\mmdlg.cpp(243): error C2086: 'int iHeight1' : redefinition
                 c:\users\miaomiao\desktop\miao\bymyself\mm\mm\mmdlg.cpp(185) : see declaration of 'iHeight1'
     1>c:\users\miaomiao\desktop\miao\bymyself\mm\mm\mmdlg.cpp(255): warning C4018: '<' : signed/unsigned mismatch
     1>c:\users\miaomiao\desktop\miao\bymyself\mm\mm\mmdlg.cpp(320): warning C4244: 'argument' : conversion from 'time_t' to 'unsigned int', possible loss of data
         miao.cpp
         Object.cpp
         Generating Code...
         Compiling...
         mm.cpp
         Scene.cpp
         Animal.cpp
         Generating Code...
     1>Done Building Project "C:\Users\miaomiao\Desktop\Miao\byMyself\mm\mm\mm.vcxproj" (Build target(s)) -- FAILED.

Build FAILED.

Time Elapsed 00:00:10.46
